[2024-12-01T22:46:44.462Z] info: ::1 - - [01/Dec/2024:22:46:44 +0000] "POST /api/user/login HTTP/1.1" 200 288 "-" "PostmanRuntime/7.43.0"
[2024-12-01T22:47:22.960Z] info: ::1 - - [01/Dec/2024:22:47:22 +0000] "GET /api/user HTTP/1.1" 200 304 "-" "PostmanRuntime/7.43.0"
[2024-12-01T22:49:03.759Z] error: No token provided
[2024-12-01T22:49:03.771Z] info: ::1 - - [01/Dec/2024:22:49:03 +0000] "GET /api/user HTTP/1.1" 401 48 "-" "PostmanRuntime/7.43.0"
[2024-12-04T21:53:35.647Z] info: ::1 - - [04/Dec/2024:21:53:35 +0000] "GET //api/exampleRouter HTTP/1.1" 404 157 "-" "PostmanRuntime/7.43.0"
[2024-12-04T21:54:00.294Z] info: ::1 - - [04/Dec/2024:21:54:00 +0000] "GET /api/exampleRouter HTTP/1.1" 200 58 "-" "PostmanRuntime/7.43.0"
[2024-12-04T21:54:02.848Z] info: ::1 - - [04/Dec/2024:21:54:02 +0000] "GET /api/exampleRouter HTTP/1.1" 200 57 "-" "PostmanRuntime/7.43.0"
[2024-12-04T21:54:05.735Z] info: ::1 - - [04/Dec/2024:21:54:05 +0000] "GET /api/exampleRouter HTTP/1.1" 200 57 "-" "PostmanRuntime/7.43.0"
[2024-12-04T21:54:09.120Z] info: ::1 - - [04/Dec/2024:21:54:09 +0000] "GET //api/user HTTP/1.1" 404 148 "-" "PostmanRuntime/7.43.0"
[2024-12-04T21:54:14.565Z] info: ::1 - - [04/Dec/2024:21:54:14 +0000] "GET /api/user HTTP/1.1" 401 45 "-" "PostmanRuntime/7.43.0"
[2024-12-04T21:54:19.171Z] info: ::1 - - [04/Dec/2024:21:54:19 +0000] "POST //api/user/login HTTP/1.1" 404 155 "-" "PostmanRuntime/7.43.0"
[2024-12-04T21:54:24.223Z] info: ::1 - - [04/Dec/2024:21:54:24 +0000] "POST /api/user/login HTTP/1.1" 200 288 "-" "PostmanRuntime/7.43.0"
[2024-12-04T21:54:38.250Z] info: ::1 - - [04/Dec/2024:21:54:38 +0000] "GET /api/user HTTP/1.1" 200 304 "-" "PostmanRuntime/7.43.0"
[2024-12-04T21:54:40.817Z] info: ::1 - - [04/Dec/2024:21:54:40 +0000] "GET /api/user HTTP/1.1" 200 304 "-" "PostmanRuntime/7.43.0"
[2024-12-04T21:54:45.621Z] info: ::1 - - [04/Dec/2024:21:54:45 +0000] "GET /api/exampleRouter HTTP/1.1" 200 57 "-" "PostmanRuntime/7.43.0"
[2024-12-04T21:54:47.157Z] info: ::1 - - [04/Dec/2024:21:54:47 +0000] "GET /api/exampleRouter HTTP/1.1" 200 57 "-" "PostmanRuntime/7.43.0"
[2024-12-04T21:54:58.213Z] info: ::1 - - [04/Dec/2024:21:54:58 +0000] "GET /api/exampleRouter HTTP/1.1" 200 57 "-" "PostmanRuntime/7.43.0"
[2024-12-04T22:53:51.979Z] info: ::1 - - [04/Dec/2024:22:53:51 +0000] "GET /api/user HTTP/1.1" 200 423 "-" "PostmanRuntime/7.43.0"
[2024-12-04T22:53:55.829Z] info: ::1 - - [04/Dec/2024:22:53:55 +0000] "GET /api/user HTTP/1.1" 200 422 "-" "PostmanRuntime/7.43.0"
[2024-12-04T22:54:00.726Z] info: ::1 - - [04/Dec/2024:22:54:00 +0000] "GET /api/exampleRouter HTTP/1.1" 200 58 "-" "PostmanRuntime/7.43.0"
[2024-12-04T22:54:01.758Z] info: ::1 - - [04/Dec/2024:22:54:01 +0000] "GET /api/exampleRouter HTTP/1.1" 200 57 "-" "PostmanRuntime/7.43.0"
[2024-12-04T22:54:02.945Z] info: ::1 - - [04/Dec/2024:22:54:02 +0000] "GET /api/exampleRouter HTTP/1.1" 200 57 "-" "PostmanRuntime/7.43.0"
[2024-12-04T22:54:46.056Z] info: ::1 - - [04/Dec/2024:22:54:46 +0000] "GET /api/exampleRouter HTTP/1.1" 200 57 "-" "PostmanRuntime/7.43.0"
[2024-12-04T23:07:40.412Z] info: ::1 - - [04/Dec/2024:23:07:40 +0000] "GET /api/exampleRouter HTTP/1.1" 200 57 "-" "PostmanRuntime/7.43.0"
[2024-12-04T23:07:41.475Z] info: ::1 - - [04/Dec/2024:23:07:41 +0000] "GET /api/exampleRouter HTTP/1.1" 200 57 "-" "PostmanRuntime/7.43.0"
[2024-12-04T23:07:42.041Z] info: ::1 - - [04/Dec/2024:23:07:42 +0000] "GET /api/exampleRouter HTTP/1.1" 200 57 "-" "PostmanRuntime/7.43.0"
[2024-12-04T23:07:46.110Z] error: No token provided
[2024-12-04T23:07:46.112Z] info: ::1 - - [04/Dec/2024:23:07:46 +0000] "GET /api/user HTTP/1.1" 401 48 "-" "PostmanRuntime/7.43.0"
[2024-12-04T23:07:47.466Z] error: No token provided
[2024-12-04T23:07:47.467Z] info: ::1 - - [04/Dec/2024:23:07:47 +0000] "GET /api/user HTTP/1.1" 401 48 "-" "PostmanRuntime/7.43.0"
[2024-12-04T23:07:53.014Z] info: ::1 - - [04/Dec/2024:23:07:53 +0000] "POST /api/user/login HTTP/1.1" 200 288 "-" "PostmanRuntime/7.43.0"
[2024-12-04T23:08:03.744Z] info: ::1 - - [04/Dec/2024:23:08:03 +0000] "GET /api/user HTTP/1.1" 200 422 "-" "PostmanRuntime/7.43.0"
[2024-12-04T23:08:07.330Z] info: ::1 - - [04/Dec/2024:23:08:07 +0000] "GET /api/user HTTP/1.1" 200 422 "-" "PostmanRuntime/7.43.0"
[2024-12-04T23:08:10.998Z] info: ::1 - - [04/Dec/2024:23:08:10 +0000] "GET /api/exampleRouter HTTP/1.1" 200 57 "-" "PostmanRuntime/7.43.0"
[2024-12-04T23:34:25.127Z] info: ::1 - - [04/Dec/2024:23:34:25 +0000] "GET /api/user HTTP/1.1" 200 422 "-" "PostmanRuntime/7.43.0"
[2024-12-04T23:34:26.328Z] info: ::1 - - [04/Dec/2024:23:34:26 +0000] "GET /api/user HTTP/1.1" - - "-" "PostmanRuntime/7.43.0"
[2024-12-04T23:34:27.054Z] info: ::1 - - [04/Dec/2024:23:34:27 +0000] "GET /api/user HTTP/1.1" 200 422 "-" "PostmanRuntime/7.43.0"
